Flow report for DE1_Gamma_Filter
Fri Aug 14 11:57:40 2020
Quartus Prime Version 18.1.0 Build 625 09/12/2018 SJ Lite Edition


---------------------
; Table of Contents ;
---------------------
  1. Legal Notice
  2. Flow Summary
  3. Flow Settings
  4. Flow Non-Default Global Settings
  5. Flow Elapsed Time
  6. Flow OS Summary
  7. Flow Log
  8. Flow Messages
  9. Flow Suppressed Messages



----------------
; Legal Notice ;
----------------
Copyright (C) 2018  Intel Corporation. All rights reserved.
Your use of Intel Corporation's design tools, logic functions 
and other software and tools, and its AMPP partner logic 
functions, and any output files from any of the foregoing 
(including device programming or simulation files), and any 
associated documentation or information are expressly subject 
to the terms and conditions of the Intel Program License 
Subscription Agreement, the Intel Quartus Prime License Agreement,
the Intel FPGA IP License Agreement, or other applicable license
agreement, including, without limitation, that your use is for
the sole purpose of programming logic devices manufactured by
Intel and sold by Intel or its authorized distributors.  Please
refer to the applicable agreement for further details.



+-------------------------------------------------------------------------------+
; Flow Summary                                                                  ;
+---------------------------------+---------------------------------------------+
; Flow Status                     ; Successful - Fri Aug 14 11:57:40 2020       ;
; Quartus Prime Version           ; 18.1.0 Build 625 09/12/2018 SJ Lite Edition ;
; Revision Name                   ; DE1_Gamma_Filter                            ;
; Top-level Entity Name           ; DE1_Gamma_Filter                            ;
; Family                          ; Cyclone V                                   ;
; Device                          ; 5CSEMA5F31C6                                ;
; Timing Models                   ; Final                                       ;
; Logic utilization (in ALMs)     ; 611 / 32,070 ( 2 % )                        ;
; Total registers                 ; 1185                                        ;
; Total pins                      ; 241 / 457 ( 53 % )                          ;
; Total virtual pins              ; 0                                           ;
; Total block memory bits         ; 45,024 / 4,065,280 ( 1 % )                  ;
; Total DSP Blocks                ; 6 / 87 ( 7 % )                              ;
; Total HSSI RX PCSs              ; 0                                           ;
; Total HSSI PMA RX Deserializers ; 0                                           ;
; Total HSSI TX PCSs              ; 0                                           ;
; Total HSSI PMA TX Serializers   ; 0                                           ;
; Total PLLs                      ; 1 / 6 ( 17 % )                              ;
; Total DLLs                      ; 0 / 4 ( 0 % )                               ;
+---------------------------------+---------------------------------------------+


+-----------------------------------------+
; Flow Settings                           ;
+-------------------+---------------------+
; Option            ; Setting             ;
+-------------------+---------------------+
; Start date & time ; 08/14/2020 11:56:02 ;
; Main task         ; Compilation         ;
; Revision Name     ; DE1_Gamma_Filter    ;
+-------------------+---------------------+


+-----------------------------------------------------------------------------------------------------------------------------+
; Flow Non-Default Global Settings                                                                                            ;
+-------------------------------------+----------------------------------------+---------------+-------------+----------------+
; Assignment Name                     ; Value                                  ; Default Value ; Entity Name ; Section Id     ;
+-------------------------------------+----------------------------------------+---------------+-------------+----------------+
; COMPILER_SIGNATURE_ID               ; 181124909634043.159742056220816        ; --            ; --          ; --             ;
; ECO_REGENERATE_REPORT               ; On                                     ; Off           ; --          ; --             ;
; EDA_OUTPUT_DATA_FORMAT              ; Verilog Hdl                            ; --            ; --          ; eda_simulation ;
; EDA_SIMULATION_TOOL                 ; ModelSim-Altera (Verilog)              ; <None>        ; --          ; --             ;
; FITTER_EFFORT                       ; Standard Fit                           ; Auto Fit      ; --          ; --             ;
; MAX_CORE_JUNCTION_TEMP              ; 85                                     ; --            ; --          ; --             ;
; MIN_CORE_JUNCTION_TEMP              ; 0                                      ; --            ; --          ; --             ;
; MISC_FILE                           ; Sdram_Control_4Port/Sdram_PLL.cmp      ; --            ; --          ; --             ;
; MISC_FILE                           ; v/MAC_3.cmp                            ; --            ; --          ; --             ;
; MISC_FILE                           ; v/PLL.ppf                              ; --            ; --          ; --             ;
; MISC_FILE                           ; v/Line_Buffer.bsf                      ; --            ; --          ; --             ;
; MISC_FILE                           ; v/DIV.bsf                              ; --            ; --          ; --             ;
; OPTIMIZATION_TECHNIQUE              ; Speed                                  ; Balanced      ; --          ; --             ;
; PARTITION_COLOR                     ; -- (Not supported for targeted family) ; --            ; --          ; Top            ;
; PARTITION_FITTER_PRESERVATION_LEVEL ; -- (Not supported for targeted family) ; --            ; --          ; Top            ;
; PARTITION_NETLIST_TYPE              ; -- (Not supported for targeted family) ; --            ; --          ; Top            ;
; POWER_BOARD_THERMAL_MODEL           ; None (CONSERVATIVE)                    ; --            ; --          ; --             ;
; POWER_PRESET_COOLING_SOLUTION       ; 23 MM HEAT SINK WITH 200 LFPM AIRFLOW  ; --            ; --          ; --             ;
; SYNTHESIS_ONLY_QIP                  ; On                                     ; --            ; --          ; --             ;
; SYNTHESIS_ONLY_QIP                  ; On                                     ; --            ; --          ; --             ;
+-------------------------------------+----------------------------------------+---------------+-------------+----------------+


+--------------------------------------------------------------------------------------------------------------------------+
; Flow Elapsed Time                                                                                                        ;
+----------------------+--------------+-------------------------+---------------------+------------------------------------+
; Module Name          ; Elapsed Time ; Average Processors Used ; Peak Virtual Memory ; Total CPU Time (on all processors) ;
+----------------------+--------------+-------------------------+---------------------+------------------------------------+
; Analysis & Synthesis ; 00:00:16     ; 1.0                     ; 4937 MB             ; 00:00:24                           ;
; Fitter               ; 00:00:58     ; 1.1                     ; 7164 MB             ; 00:02:48                           ;
; Assembler            ; 00:00:08     ; 1.0                     ; 4852 MB             ; 00:00:06                           ;
; Timing Analyzer      ; 00:00:09     ; 1.5                     ; 5272 MB             ; 00:00:12                           ;
; EDA Netlist Writer   ; 00:00:02     ; 1.0                     ; 4884 MB             ; 00:00:02                           ;
; Total                ; 00:01:33     ; --                      ; --                  ; 00:03:32                           ;
+----------------------+--------------+-------------------------+---------------------+------------------------------------+


+------------------------------------------------------------------------------------+
; Flow OS Summary                                                                    ;
+----------------------+------------------+------------+------------+----------------+
; Module Name          ; Machine Hostname ; OS Name    ; OS Version ; Processor type ;
+----------------------+------------------+------------+------------+----------------+
; Analysis & Synthesis ; DESKTOP-GSODPDF  ; Windows 10 ; 10.0       ; x86_64         ;
; Fitter               ; DESKTOP-GSODPDF  ; Windows 10 ; 10.0       ; x86_64         ;
; Assembler            ; DESKTOP-GSODPDF  ; Windows 10 ; 10.0       ; x86_64         ;
; Timing Analyzer      ; DESKTOP-GSODPDF  ; Windows 10 ; 10.0       ; x86_64         ;
; EDA Netlist Writer   ; DESKTOP-GSODPDF  ; Windows 10 ; 10.0       ; x86_64         ;
+----------------------+------------------+------------+------------+----------------+


------------
; Flow Log ;
------------
quartus_map --read_settings_files=on --write_settings_files=off DE1_Gamma_Filter -c DE1_Gamma_Filter
quartus_fit --read_settings_files=off --write_settings_files=off DE1_Gamma_Filter -c DE1_Gamma_Filter
quartus_asm --read_settings_files=off --write_settings_files=off DE1_Gamma_Filter -c DE1_Gamma_Filter
quartus_sta DE1_Gamma_Filter -c DE1_Gamma_Filter
quartus_eda --read_settings_files=off --write_settings_files=off DE1_Gamma_Filter -c DE1_Gamma_Filter



