Analysis & Synthesis report for DE1_Gamma_Filter
Sat Jan 23 15:52:48 2021
Quartus Prime Version 18.1.0 Build 625 09/12/2018 SJ Lite Edition


---------------------
; Table of Contents ;
---------------------
  1. Legal Notice
  2. Analysis & Synthesis Summary
  3. Analysis & Synthesis Settings
  4. Parallel Compilation
  5. Analysis & Synthesis Source Files Read
  6. Analysis & Synthesis Resource Usage Summary
  7. Analysis & Synthesis Resource Utilization by Entity
  8. General Register Statistics
  9. Post-Synthesis Netlist Statistics for Top Partition
 10. Elapsed Time Per Partition
 11. Analysis & Synthesis Messages



----------------
; Legal Notice ;
----------------
Copyright (C) 2018  Intel Corporation. All rights reserved.
Your use of Intel Corporation's design tools, logic functions 
and other software and tools, and its AMPP partner logic 
functions, and any output files from any of the foregoing 
(including device programming or simulation files), and any 
associated documentation or information are expressly subject 
to the terms and conditions of the Intel Program License 
Subscription Agreement, the Intel Quartus Prime License Agreement,
the Intel FPGA IP License Agreement, or other applicable license
agreement, including, without limitation, that your use is for
the sole purpose of programming logic devices manufactured by
Intel and sold by Intel or its authorized distributors.  Please
refer to the applicable agreement for further details.



+-------------------------------------------------------------------------------+
; Analysis & Synthesis Summary                                                  ;
+---------------------------------+---------------------------------------------+
; Analysis & Synthesis Status     ; Successful - Sat Jan 23 15:52:48 2021       ;
; Quartus Prime Version           ; 18.1.0 Build 625 09/12/2018 SJ Lite Edition ;
; Revision Name                   ; DE1_Gamma_Filter                            ;
; Top-level Entity Name           ; Gamma_Correct_Sim                           ;
; Family                          ; Cyclone V                                   ;
; Logic utilization (in ALMs)     ; N/A                                         ;
; Total registers                 ; 8                                           ;
; Total pins                      ; 20                                          ;
; Total virtual pins              ; 0                                           ;
; Total block memory bits         ; 0                                           ;
; Total DSP Blocks                ; 0                                           ;
; Total HSSI RX PCSs              ; 0                                           ;
; Total HSSI PMA RX Deserializers ; 0                                           ;
; Total HSSI TX PCSs              ; 0                                           ;
; Total HSSI PMA TX Serializers   ; 0                                           ;
; Total PLLs                      ; 0                                           ;
; Total DLLs                      ; 0                                           ;
+---------------------------------+---------------------------------------------+


+---------------------------------------------------------------------------------------------------------------------------+
; Analysis & Synthesis Settings                                                                                             ;
+---------------------------------------------------------------------------------+--------------------+--------------------+
; Option                                                                          ; Setting            ; Default Value      ;
+---------------------------------------------------------------------------------+--------------------+--------------------+
; Device                                                                          ; 5CSEMA5F31C6       ;                    ;
; Top-level entity name                                                           ; Gamma_Correct_Sim  ; DE1_Gamma_Filter   ;
; Family name                                                                     ; Cyclone V          ; Cyclone V          ;
; Optimization Technique                                                          ; Speed              ; Balanced           ;
; Use smart compilation                                                           ; Off                ; Off                ;
; Enable parallel Assembler and Timing Analyzer during compilation                ; On                 ; On                 ;
; Enable compact report table                                                     ; Off                ; Off                ;
; Restructure Multiplexers                                                        ; Auto               ; Auto               ;
; MLAB Add Timing Constraints For Mixed-Port Feed-Through Mode Setting Don't Care ; Off                ; Off                ;
; Create Debugging Nodes for IP Cores                                             ; Off                ; Off                ;
; Preserve fewer node names                                                       ; On                 ; On                 ;
; Intel FPGA IP Evaluation Mode                                                   ; Enable             ; Enable             ;
; Verilog Version                                                                 ; Verilog_2001       ; Verilog_2001       ;
; VHDL Version                                                                    ; VHDL_1993          ; VHDL_1993          ;
; State Machine Processing                                                        ; Auto               ; Auto               ;
; Safe State Machine                                                              ; Off                ; Off                ;
; Extract Verilog State Machines                                                  ; On                 ; On                 ;
; Extract VHDL State Machines                                                     ; On                 ; On                 ;
; Ignore Verilog initial constructs                                               ; Off                ; Off                ;
; Iteration limit for constant Verilog loops                                      ; 5000               ; 5000               ;
; Iteration limit for non-constant Verilog loops                                  ; 250                ; 250                ;
; Add Pass-Through Logic to Inferred RAMs                                         ; On                 ; On                 ;
; Infer RAMs from Raw Logic                                                       ; On                 ; On                 ;
; Parallel Synthesis                                                              ; On                 ; On                 ;
; DSP Block Balancing                                                             ; Auto               ; Auto               ;
; NOT Gate Push-Back                                                              ; On                 ; On                 ;
; Power-Up Don't Care                                                             ; On                 ; On                 ;
; Remove Redundant Logic Cells                                                    ; Off                ; Off                ;
; Remove Duplicate Registers                                                      ; On                 ; On                 ;
; Ignore CARRY Buffers                                                            ; Off                ; Off                ;
; Ignore CASCADE Buffers                                                          ; Off                ; Off                ;
; Ignore GLOBAL Buffers                                                           ; Off                ; Off                ;
; Ignore ROW GLOBAL Buffers                                                       ; Off                ; Off                ;
; Ignore LCELL Buffers                                                            ; Off                ; Off                ;
; Ignore SOFT Buffers                                                             ; On                 ; On                 ;
; Limit AHDL Integers to 32 Bits                                                  ; Off                ; Off                ;
; Carry Chain Length                                                              ; 70                 ; 70                 ;
; Auto Carry Chains                                                               ; On                 ; On                 ;
; Auto Open-Drain Pins                                                            ; On                 ; On                 ;
; Perform WYSIWYG Primitive Resynthesis                                           ; Off                ; Off                ;
; Auto ROM Replacement                                                            ; On                 ; On                 ;
; Auto RAM Replacement                                                            ; On                 ; On                 ;
; Auto DSP Block Replacement                                                      ; On                 ; On                 ;
; Auto Shift Register Replacement                                                 ; Auto               ; Auto               ;
; Allow Shift Register Merging across Hierarchies                                 ; Auto               ; Auto               ;
; Auto Clock Enable Replacement                                                   ; On                 ; On                 ;
; Strict RAM Replacement                                                          ; Off                ; Off                ;
; Allow Synchronous Control Signals                                               ; On                 ; On                 ;
; Force Use of Synchronous Clear Signals                                          ; Off                ; Off                ;
; Auto Resource Sharing                                                           ; Off                ; Off                ;
; Allow Any RAM Size For Recognition                                              ; Off                ; Off                ;
; Allow Any ROM Size For Recognition                                              ; Off                ; Off                ;
; Allow Any Shift Register Size For Recognition                                   ; Off                ; Off                ;
; Use LogicLock Constraints during Resource Balancing                             ; On                 ; On                 ;
; Ignore translate_off and synthesis_off directives                               ; Off                ; Off                ;
; Timing-Driven Synthesis                                                         ; On                 ; On                 ;
; Report Parameter Settings                                                       ; On                 ; On                 ;
; Report Source Assignments                                                       ; On                 ; On                 ;
; Report Connectivity Checks                                                      ; On                 ; On                 ;
; Ignore Maximum Fan-Out Assignments                                              ; Off                ; Off                ;
; Synchronization Register Chain Length                                           ; 3                  ; 3                  ;
; Power Optimization During Synthesis                                             ; Normal compilation ; Normal compilation ;
; HDL message level                                                               ; Level2             ; Level2             ;
; Suppress Register Optimization Related Messages                                 ; Off                ; Off                ;
; Number of Removed Registers Reported in Synthesis Report                        ; 5000               ; 5000               ;
; Number of Swept Nodes Reported in Synthesis Report                              ; 5000               ; 5000               ;
; Number of Inverted Registers Reported in Synthesis Report                       ; 100                ; 100                ;
; Clock MUX Protection                                                            ; On                 ; On                 ;
; Auto Gated Clock Conversion                                                     ; Off                ; Off                ;
; Block Design Naming                                                             ; Auto               ; Auto               ;
; SDC constraint protection                                                       ; Off                ; Off                ;
; Synthesis Effort                                                                ; Auto               ; Auto               ;
; Shift Register Replacement - Allow Asynchronous Clear Signal                    ; On                 ; On                 ;
; Pre-Mapping Resynthesis Optimization                                            ; Off                ; Off                ;
; Analysis & Synthesis Message Level                                              ; Medium             ; Medium             ;
; Disable Register Merging Across Hierarchies                                     ; Auto               ; Auto               ;
; Resource Aware Inference For Block RAM                                          ; On                 ; On                 ;
; Automatic Parallel Synthesis                                                    ; On                 ; On                 ;
; Partial Reconfiguration Bitstream ID                                            ; Off                ; Off                ;
+---------------------------------------------------------------------------------+--------------------+--------------------+


+------------------------------------------+
; Parallel Compilation                     ;
+----------------------------+-------------+
; Processors                 ; Number      ;
+----------------------------+-------------+
; Number detected on machine ; 16          ;
; Maximum allowed            ; 8           ;
;                            ;             ;
; Average used               ; 1.00        ;
; Maximum used               ; 1           ;
;                            ;             ;
; Usage by Processor         ; % Time Used ;
;     Processor 1            ; 100.0%      ;
+----------------------------+-------------+


+---------------------------------------------------------------------------------------------------------------------------------------------------------------------------------------------------+
; Analysis & Synthesis Source Files Read                                                                                                                                                            ;
+----------------------------------+-----------------+------------------------+-----------------------------------------------------------------------------------------------------------+---------+
; File Name with User-Entered Path ; Used in Netlist ; File Type              ; File Name with Absolute Path                                                                              ; Library ;
+----------------------------------+-----------------+------------------------+-----------------------------------------------------------------------------------------------------------+---------+
; v/Gamma_Correct_Sim.v            ; yes             ; User Verilog HDL File  ; C:/Users/coleh/Desktop/uma/ece688_gammaFilter/Gamma_Filter_DE1_SoC/syn/Gamma_Filter/v/Gamma_Correct_Sim.v ;         ;
+----------------------------------+-----------------+------------------------+-----------------------------------------------------------------------------------------------------------+---------+


+------------------------------------------------------------------+
; Analysis & Synthesis Resource Usage Summary                      ;
+---------------------------------------------+--------------------+
; Resource                                    ; Usage              ;
+---------------------------------------------+--------------------+
; Estimate of Logic utilization (ALMs needed) ; 32                 ;
;                                             ;                    ;
; Combinational ALUT usage for logic          ; 35                 ;
;     -- 7 input functions                    ; 0                  ;
;     -- 6 input functions                    ; 29                 ;
;     -- 5 input functions                    ; 1                  ;
;     -- 4 input functions                    ; 5                  ;
;     -- <=3 input functions                  ; 0                  ;
;                                             ;                    ;
; Dedicated logic registers                   ; 8                  ;
;                                             ;                    ;
; I/O pins                                    ; 20                 ;
;                                             ;                    ;
; Total DSP Blocks                            ; 0                  ;
;                                             ;                    ;
; Maximum fan-out node                        ; signal_in[2]~input ;
; Maximum fan-out                             ; 27                 ;
; Total fan-out                               ; 252                ;
; Average fan-out                             ; 3.04               ;
+---------------------------------------------+--------------------+


+----------------------------------------------------------------------------------------------------------------------------------------------------------------------------------------------+
; Analysis & Synthesis Resource Utilization by Entity                                                                                                                                          ;
+----------------------------+---------------------+---------------------------+-------------------+------------+------+--------------+---------------------+-------------------+--------------+
; Compilation Hierarchy Node ; Combinational ALUTs ; Dedicated Logic Registers ; Block Memory Bits ; DSP Blocks ; Pins ; Virtual Pins ; Full Hierarchy Name ; Entity Name       ; Library Name ;
+----------------------------+---------------------+---------------------------+-------------------+------------+------+--------------+---------------------+-------------------+--------------+
; |Gamma_Correct_Sim         ; 35 (35)             ; 8 (8)                     ; 0                 ; 0          ; 20   ; 0            ; |Gamma_Correct_Sim  ; Gamma_Correct_Sim ; work         ;
+----------------------------+---------------------+---------------------------+-------------------+------------+------+--------------+---------------------+-------------------+--------------+
Note: For table entries with two numbers listed, the numbers in parentheses indicate the number of resources of the given type used by the specific entity alone. The numbers listed outside of parentheses indicate the total resources of the given type used by the specific entity and all of its sub-entities in the hierarchy.


+------------------------------------------------------+
; General Register Statistics                          ;
+----------------------------------------------+-------+
; Statistic                                    ; Value ;
+----------------------------------------------+-------+
; Total registers                              ; 8     ;
; Number of registers using Synchronous Clear  ; 8     ;
; Number of registers using Synchronous Load   ; 0     ;
; Number of registers using Asynchronous Clear ; 0     ;
; Number of registers using Asynchronous Load  ; 0     ;
; Number of registers using Clock Enable       ; 0     ;
; Number of registers using Preset             ; 0     ;
+----------------------------------------------+-------+


+-----------------------------------------------------+
; Post-Synthesis Netlist Statistics for Top Partition ;
+-----------------------+-----------------------------+
; Type                  ; Count                       ;
+-----------------------+-----------------------------+
; arriav_ff             ; 8                           ;
;     SCLR              ; 8                           ;
; arriav_lcell_comb     ; 35                          ;
;     normal            ; 35                          ;
;         4 data inputs ; 5                           ;
;         5 data inputs ; 1                           ;
;         6 data inputs ; 29                          ;
; boundary_port         ; 20                          ;
;                       ;                             ;
; Max LUT depth         ; 2.00                        ;
; Average LUT depth     ; 1.59                        ;
+-----------------------+-----------------------------+


+-------------------------------+
; Elapsed Time Per Partition    ;
+----------------+--------------+
; Partition Name ; Elapsed Time ;
+----------------+--------------+
; Top            ; 00:00:00     ;
+----------------+--------------+


+-------------------------------+
; Analysis & Synthesis Messages ;
+-------------------------------+
Info: *******************************************************************
Info: Running Quartus Prime Analysis & Synthesis
    Info: Version 18.1.0 Build 625 09/12/2018 SJ Lite Edition
    Info: Processing started: Sat Jan 23 15:52:38 2021
Info: Command: quartus_map --read_settings_files=on --write_settings_files=off DE1_Gamma_Filter -c DE1_Gamma_Filter
Warning (18236): Number of processors has not been specified which may cause overloading on shared machines.  Set the global assignment NUM_PARALLEL_PROCESSORS in your QSF to an appropriate value for best performance.
Info (20030): Parallel compilation is enabled and will use 8 of the 8 processors detected
Info (12021): Found 1 design units, including 1 entities, in source file v/gamma_correct_sim.v
    Info (12023): Found entity 1: Gamma_Correct_Sim File: C:/Users/coleh/Desktop/uma/ece688_gammaFilter/Gamma_Filter_DE1_SoC/syn/Gamma_Filter/v/Gamma_Correct_Sim.v Line: 1
Info (12021): Found 1 design units, including 1 entities, in source file v/gamma_correct.v
    Info (12023): Found entity 1: Gamma_Correct File: C:/Users/coleh/Desktop/uma/ece688_gammaFilter/Gamma_Filter_DE1_SoC/syn/Gamma_Filter/v/Gamma_Correct.v Line: 1
Warning (10229): Verilog HDL Expression warning at YCbCr2RGB.v(120): truncated literal to match 17 bits File: C:/Users/coleh/Desktop/uma/ece688_gammaFilter/Gamma_Filter_DE1_SoC/syn/Gamma_Filter/v/YCbCr2RGB.v Line: 120
Warning (10229): Verilog HDL Expression warning at YCbCr2RGB.v(121): truncated literal to match 17 bits File: C:/Users/coleh/Desktop/uma/ece688_gammaFilter/Gamma_Filter_DE1_SoC/syn/Gamma_Filter/v/YCbCr2RGB.v Line: 121
Info (12021): Found 1 design units, including 1 entities, in source file v/ycbcr2rgb.v
    Info (12023): Found entity 1: YCbCr2RGB File: C:/Users/coleh/Desktop/uma/ece688_gammaFilter/Gamma_Filter_DE1_SoC/syn/Gamma_Filter/v/YCbCr2RGB.v Line: 8
Info (12021): Found 1 design units, including 1 entities, in source file de1_gamma_filter.v
    Info (12023): Found entity 1: DE1_Gamma_Filter File: C:/Users/coleh/Desktop/uma/ece688_gammaFilter/Gamma_Filter_DE1_SoC/syn/Gamma_Filter/DE1_Gamma_Filter.v Line: 36
Info (12021): Found 1 design units, including 1 entities, in source file sdram_control_4port/sdram_control_4port.v
    Info (12023): Found entity 1: Sdram_Control_4Port File: C:/Users/coleh/Desktop/uma/ece688_gammaFilter/Gamma_Filter_DE1_SoC/syn/Gamma_Filter/Sdram_Control_4Port/Sdram_Control_4Port.v Line: 1
Warning (10229): Verilog HDL Expression warning at sdr_data_path.v(26): truncated literal to match 1 bits File: C:/Users/coleh/Desktop/uma/ece688_gammaFilter/Gamma_Filter_DE1_SoC/syn/Gamma_Filter/Sdram_Control_4Port/sdr_data_path.v Line: 26
Info (12021): Found 1 design units, including 1 entities, in source file sdram_control_4port/sdr_data_path.v
    Info (12023): Found entity 1: sdr_data_path File: C:/Users/coleh/Desktop/uma/ece688_gammaFilter/Gamma_Filter_DE1_SoC/syn/Gamma_Filter/Sdram_Control_4Port/sdr_data_path.v Line: 1
Info (12021): Found 1 design units, including 1 entities, in source file sdram_control_4port/control_interface.v
    Info (12023): Found entity 1: control_interface File: C:/Users/coleh/Desktop/uma/ece688_gammaFilter/Gamma_Filter_DE1_SoC/syn/Gamma_Filter/Sdram_Control_4Port/control_interface.v Line: 1
Info (12021): Found 1 design units, including 1 entities, in source file sdram_control_4port/command.v
    Info (12023): Found entity 1: command File: C:/Users/coleh/Desktop/uma/ece688_gammaFilter/Gamma_Filter_DE1_SoC/syn/Gamma_Filter/Sdram_Control_4Port/command.v Line: 1
Info (12021): Found 1 design units, including 1 entities, in source file sdram_control_4port/sdram_wr_fifo.v
    Info (12023): Found entity 1: Sdram_WR_FIFO File: C:/Users/coleh/Desktop/uma/ece688_gammaFilter/Gamma_Filter_DE1_SoC/syn/Gamma_Filter/Sdram_Control_4Port/Sdram_WR_FIFO.v Line: 39
Info (12021): Found 1 design units, including 1 entities, in source file sdram_control_4port/sdram_rd_fifo.v
    Info (12023): Found entity 1: Sdram_RD_FIFO File: C:/Users/coleh/Desktop/uma/ece688_gammaFilter/Gamma_Filter_DE1_SoC/syn/Gamma_Filter/Sdram_Control_4Port/Sdram_RD_FIFO.v Line: 39
Info (12021): Found 1 design units, including 1 entities, in source file sdram_control_4port/sdram_pll.v
    Info (12023): Found entity 1: Sdram_PLL File: C:/Users/coleh/Desktop/uma/ece688_gammaFilter/Gamma_Filter_DE1_SoC/syn/Gamma_Filter/Sdram_Control_4Port/Sdram_PLL.v Line: 8
Info (12021): Found 1 design units, including 1 entities, in source file sdram_control_4port/sdram_pll/sdram_pll_0002.v
    Info (12023): Found entity 1: Sdram_PLL_0002 File: C:/Users/coleh/Desktop/uma/ece688_gammaFilter/Gamma_Filter_DE1_SoC/syn/Gamma_Filter/Sdram_Control_4Port/Sdram_PLL/Sdram_PLL_0002.v Line: 2
Info (12021): Found 1 design units, including 1 entities, in source file v/yuv422_to_444.v
    Info (12023): Found entity 1: YUV422_to_444 File: C:/Users/coleh/Desktop/uma/ece688_gammaFilter/Gamma_Filter_DE1_SoC/syn/Gamma_Filter/v/YUV422_to_444.v Line: 1
Info (12021): Found 1 design units, including 1 entities, in source file v/vga_ctrl.v
    Info (12023): Found entity 1: VGA_Ctrl File: C:/Users/coleh/Desktop/uma/ece688_gammaFilter/Gamma_Filter_DE1_SoC/syn/Gamma_Filter/v/VGA_Ctrl.v Line: 1
Info (12021): Found 1 design units, including 1 entities, in source file v/tp_ram.v
    Info (12023): Found entity 1: TP_RAM File: C:/Users/coleh/Desktop/uma/ece688_gammaFilter/Gamma_Filter_DE1_SoC/syn/Gamma_Filter/v/TP_RAM.v Line: 39
Info (12021): Found 1 design units, including 1 entities, in source file v/td_detect.v
    Info (12023): Found entity 1: TD_Detect File: C:/Users/coleh/Desktop/uma/ece688_gammaFilter/Gamma_Filter_DE1_SoC/syn/Gamma_Filter/v/TD_Detect.v Line: 1
Info (12021): Found 1 design units, including 1 entities, in source file v/seg7_lut.v
    Info (12023): Found entity 1: SEG7_LUT File: C:/Users/coleh/Desktop/uma/ece688_gammaFilter/Gamma_Filter_DE1_SoC/syn/Gamma_Filter/v/SEG7_LUT.v Line: 1
Info (12021): Found 1 design units, including 1 entities, in source file v/reset_delay.v
    Info (12023): Found entity 1: Reset_Delay File: C:/Users/coleh/Desktop/uma/ece688_gammaFilter/Gamma_Filter_DE1_SoC/syn/Gamma_Filter/v/Reset_Delay.v Line: 1
Info (12021): Found 1 design units, including 1 entities, in source file v/itu_656_decoder.v
    Info (12023): Found entity 1: ITU_656_Decoder File: C:/Users/coleh/Desktop/uma/ece688_gammaFilter/Gamma_Filter_DE1_SoC/syn/Gamma_Filter/v/ITU_656_Decoder.v Line: 1
Info (12021): Found 1 design units, including 1 entities, in source file v/i2c_controller.v
    Info (12023): Found entity 1: I2C_Controller File: C:/Users/coleh/Desktop/uma/ece688_gammaFilter/Gamma_Filter_DE1_SoC/syn/Gamma_Filter/v/I2C_Controller.v Line: 42
Info (12021): Found 1 design units, including 1 entities, in source file v/i2c_av_config.v
    Info (12023): Found entity 1: I2C_AV_Config File: C:/Users/coleh/Desktop/uma/ece688_gammaFilter/Gamma_Filter_DE1_SoC/syn/Gamma_Filter/v/I2C_AV_Config.v Line: 1
Info (12021): Found 1 design units, including 1 entities, in source file v/mac_3.v
    Info (12023): Found entity 1: MAC_3 File: C:/Users/coleh/Desktop/uma/ece688_gammaFilter/Gamma_Filter_DE1_SoC/syn/Gamma_Filter/v/MAC_3.v Line: 8
Info (12021): Found 1 design units, including 1 entities, in source file v/mac_3/mac_3_0002.v
    Info (12023): Found entity 1: MAC_3_0002 File: C:/Users/coleh/Desktop/uma/ece688_gammaFilter/Gamma_Filter_DE1_SoC/syn/Gamma_Filter/v/MAC_3/MAC_3_0002.v Line: 17
Info (12021): Found 1 design units, including 1 entities, in source file v/pll.v
    Info (12023): Found entity 1: PLL File: C:/Users/coleh/Desktop/uma/ece688_gammaFilter/Gamma_Filter_DE1_SoC/syn/Gamma_Filter/v/PLL.v Line: 39
Info (12021): Found 1 design units, including 1 entities, in source file v/line_buffer.v
    Info (12023): Found entity 1: Line_Buffer File: C:/Users/coleh/Desktop/uma/ece688_gammaFilter/Gamma_Filter_DE1_SoC/syn/Gamma_Filter/v/Line_Buffer.v Line: 39
Info (12021): Found 1 design units, including 1 entities, in source file v/div.v
    Info (12023): Found entity 1: DIV File: C:/Users/coleh/Desktop/uma/ece688_gammaFilter/Gamma_Filter_DE1_SoC/syn/Gamma_Filter/v/DIV.v Line: 39
Info (12021): Found 1 design units, including 1 entities, in source file v/audio_dac.v
    Info (12023): Found entity 1: AUDIO_DAC File: C:/Users/coleh/Desktop/uma/ece688_gammaFilter/Gamma_Filter_DE1_SoC/syn/Gamma_Filter/v/AUDIO_DAC.v Line: 1
Warning (10236): Verilog HDL Implicit Net warning at DE1_Gamma_Filter.v(266): created implicit net for "GPIO_A" File: C:/Users/coleh/Desktop/uma/ece688_gammaFilter/Gamma_Filter_DE1_SoC/syn/Gamma_Filter/DE1_Gamma_Filter.v Line: 266
Warning (10236): Verilog HDL Implicit Net warning at DE1_Gamma_Filter.v(267): created implicit net for "GPIO_B" File: C:/Users/coleh/Desktop/uma/ece688_gammaFilter/Gamma_Filter_DE1_SoC/syn/Gamma_Filter/DE1_Gamma_Filter.v Line: 267
Warning (10236): Verilog HDL Implicit Net warning at DE1_Gamma_Filter.v(274): created implicit net for "LED" File: C:/Users/coleh/Desktop/uma/ece688_gammaFilter/Gamma_Filter_DE1_SoC/syn/Gamma_Filter/DE1_Gamma_Filter.v Line: 274
Warning (10236): Verilog HDL Implicit Net warning at DE1_Gamma_Filter.v(345): created implicit net for "WR1_FULL" File: C:/Users/coleh/Desktop/uma/ece688_gammaFilter/Gamma_Filter_DE1_SoC/syn/Gamma_Filter/DE1_Gamma_Filter.v Line: 345
Info (12127): Elaborating entity "Gamma_Correct_Sim" for the top level hierarchy
Info (276014): Found 1 instances of uninferred RAM logic
    Info (276007): RAM logic "Ram0" is uninferred due to asynchronous read logic File: C:/Users/coleh/Desktop/uma/ece688_gammaFilter/Gamma_Filter_DE1_SoC/syn/Gamma_Filter/v/Gamma_Correct_Sim.v Line: 26
Info (286030): Timing-Driven Synthesis is running
Warning (20013): Ignored 13 assignments for entity "MAC_3" -- entity does not exist in design
Warning (20013): Ignored 255 assignments for entity "MAC_3_0002" -- entity does not exist in design
Warning (20013): Ignored 13 assignments for entity "Sdram_PLL" -- entity does not exist in design
Warning (20013): Ignored 318 assignments for entity "Sdram_PLL_0002" -- entity does not exist in design
Info (16010): Generating hard_block partition "hard_block:auto_generated_inst"
    Info (16011): Adding 0 node(s), including 0 DDIO, 0 PLL, 0 transceiver and 0 LCELL
Info (21057): Implemented 55 device resources after synthesis - the final resource count might be different
    Info (21058): Implemented 11 input pins
    Info (21059): Implemented 9 output pins
    Info (21061): Implemented 35 logic cells
Info: Quartus Prime Analysis & Synthesis was successful. 0 errors, 12 warnings
    Info: Peak virtual memory: 4849 megabytes
    Info: Processing ended: Sat Jan 23 15:52:48 2021
    Info: Elapsed time: 00:00:10
    Info: Total CPU time (on all processors): 00:00:20


